Merging plugins...
Copying object to master: STAT AB_Ex_TelPath1024_SRslp256
Copying object to master: STAT AB_Ex_TelPath1024_SR384slp
Copying object to master: STAT AB_Ex_TelPath1536_cslpL384
Copying object to master: STAT AB_Ex_TelPath1536_cslpR512
Copying object to master: STAT AB_Ex_TelPath2048_cslpR256
Copying object to master: STAT AB_Ex_TelPath2048_360Rslp
Copying object to master: STAT AB_Ex_TelPath2048_cslpL384
Copying object to master: STAT AB_Ex_TelPath0128
Copying object to master: STAT AB_Ex_TelPath0512_Y
Copying object to master: STAT AB_Ex_TelPath1024_cslpL256
Copying object to master: STAT AB_Ex_TelPath1024_SL512slp
Copying object to master: STAT AB_Ex_TelPath1024_SR512slp
Copying object to master: STAT AB_Ex_TelPath1024_Tslp02
Copying object to master: STAT AB_Ex_TelPath1024_TslpR01
Copying object to master: STAT AB_Ex_TelPath2048_U540R
Copying object to master: STAT AB_Ex_TelPath0512_slp128
Copying object to master: STAT AB_Ex_TelPath2048_cslpL256
Copying object to master: STAT AB_Ex_TelPath2048_360Lslp
Copying object to master: STAT AB_Ex_TelPath2048_450R
Copying object to master: STAT AB_Ex_TelPath0256
Copying object to master: STAT AB_Ex_TelPath2048_UlpR01
Copying object to master: STAT AB_Ex_TelPath0256_slp128
Copying object to master: STAT AB_Ex_TelPath1024_cslpL128
Copying object to master: STAT AB_Ex_TelPath1536_ULslp512
Copying object to master: STAT AB_Ex_TelPath2048_450L
Copying object to master: STAT AB_Ex_TelPath1024_SR512
Copying object to master: STAT AB_Ex_TelPath1024_SRslp128
Copying object to master: STAT AB_Ex_TelPath1024_SRslp384
Copying object to master: STAT AB_Ex_TelPath1024_ULslp256
Copying object to master: STAT AB_Ex_TelPath0512_c
Copying object to master: STAT AB_Ex_TelPath1024_TslpR02
Copying object to master: STAT AB_Ex_TelPath1024_c
Copying object to master: STAT AB_Ex_TelPath1024_Y
Copying object to master: STAT AB_Ex_TelPath1024_Yslp01
Copying object to master: STAT AB_Ex_TelPath0512_SRslp128
Copying object to master: STAT AB_Ex_TelPath1024_SL512
Copying object to master: STAT AB_Ex_TelPath1024_TslpL01
Copying object to master: STAT AB_Ex_TelPath1536_cslpL512
Copying object to master: STAT AB_Ex_TelPath1024_cslpR256
Copying object to master: STAT AB_Ex_TelPath1536_cslpR384
Copying object to master: STAT AB_Ex_TelPath2048_cLslp512
Copying object to master: STAT AB_Ex_TelPath1024_YslpL02
Copying object to master: STAT AB_Ex_TelPath1024_Yslp02
Copying object to master: STAT AB_Ex_TelPath1536_U
Copying object to master: STAT AB_Ex_TelPath1024_SR384
Copying object to master: STAT AB_Ex_TelPath2048_cslpR384
Copying object to master: STAT AB_Ex_TelPath0512_SLslp128
Copying object to master: STAT AB_Ex_TelPath1536_slp256
Copying object to master: STAT AB_Ex_TelPath1536_URslp512
Copying object to master: STAT AB_Ex_TelPath2048_slp384
Copying object to master: STAT AB_Ex_TelPath0512
Copying object to master: STAT AB_Ex_TelPath1024_slp384
Copying object to master: STAT AB_Ex_TelPath2048
Copying object to master: STAT AB_Ex_TelPath1024_SL384slp
Copying object to master: STAT AB_Ex_TelPath1024_YslpR02
Copying object to master: STAT AB_Ex_TelPath1024_Tslp01
Copying object to master: STAT AB_Ex_TelPathEnd01
Copying object to master: STAT AB_Ex_TelPath1536_ULslp384
Copying object to master: STAT AB_Ex_TelPath0512_SL
Copying object to master: STAT AB_Ex_TelPath1024_SL384
Copying object to master: STAT AB_Ex_TelPath1024_URslp256
Copying object to master: STAT AB_Ex_TelPath0512_arch
Copying object to master: STAT AB_Ex_TelPath1024_slp128
Copying object to master: STAT AB_Ex_TelPath1024_SLslp256
Copying object to master: STAT AB_Ex_TelPath1024_SLslp384
Copying object to master: STAT AB_Ex_TelPath1024_SLslp128
Copying object to master: STAT AB_Ex_TelPath1024_U
Copying object to master: STAT AB_Ex_TelPath1024_cslpR128
Copying object to master: STAT AB_Ex_TelPathEnd02
Copying object to master: STAT AB_Ex_TelPath0512_cslpL
Copying object to master: STAT AB_Ex_TelPath1536_URslp256
Copying object to master: STAT AB_Ex_TelPath1024_YslpL01
Copying object to master: STAT AB_Ex_TelPath1024_YslpL03
Copying object to master: STAT AB_Ex_TelPath1024_slp256
Copying object to master: STAT AB_Ex_TelPath2048_c
Copying object to master: STAT AB_Ex_TelPath2048_UlpL01
Copying object to master: STAT AB_Ex_TelPath0512_cslpR
Copying object to master: STAT AB_Ex_TelPath1024_YslpR03
Copying object to master: STAT AB_Ex_TelPath1024_TslpL03
Copying object to master: STAT AB_Ex_TelPath0512_archbend
Copying object to master: STAT AB_Ex_TelPath1536_c
Copying object to master: STAT AB_Ex_TelPath1536_cslpR256
Copying object to master: STAT AB_Ex_TelPath0512_SR
Copying object to master: STAT AB_Ex_TelPath1024_TslpL02
Copying object to master: STAT AB_Ex_TelPath1024_TslpR03
Copying object to master: STAT AB_Ex_TelPath1536_URslp384
Copying object to master: STAT AB_Ex_TelPath1536_ULslp256
Copying object to master: STAT AB_Ex_TelPath2048_cRslp512
Copying object to master: STAT AB_Ex_TelPath2048_U540L
Copying object to master: STAT AB_Ex_TelPath2048_slp512
Copying object to master: STAT AB_Ex_TelPath1024_YslpR01
Copying object to master: STAT AB_Ex_TelPath1536_cslpL256
Copying object to master: STAT AB_Ex_TelPath1024_T
Saving results...
Finished!
